Determining if the include file malloc/malloc.h exists failed with the following output:
Change Dir: /home/osboxes/Downloads/seahorn/build/llvm-prefix/src/llvm-build/CMakeFiles/CMakeTmp

Run Build Command:/usr/bin/make "cmTryCompileExec862838473/fast"
make[3]: Entering directory `/home/osboxes/Downloads/seahorn/build/llvm-prefix/src/llvm-build/CMakeFiles/CMakeTmp'
/usr/bin/make -f CMakeFiles/cmTryCompileExec862838473.dir/build.make CMakeFiles/cmTryCompileExec862838473.dir/build
make[4]: Entering directory `/home/osboxes/Downloads/seahorn/build/llvm-prefix/src/llvm-build/CMakeFiles/CMakeTmp'
/usr/bin/cmake -E cmake_progress_report /home/osboxes/Downloads/seahorn/build/llvm-prefix/src/llvm-build/CMakeFiles/CMakeTmp/CMakeFiles 1
Building C object CMakeFiles/cmTryCompileExec862838473.dir/CheckIncludeFile.c.o
/usr/bin/cc    -o CMakeFiles/cmTryCompileExec862838473.dir/CheckIncludeFile.c.o   -c /home/osboxes/Downloads/seahorn/build/llvm-prefix/src/llvm-build/CMakeFiles/CMakeTmp/CheckIncludeFile.c
/home/osboxes/Downloads/seahorn/build/llvm-prefix/src/llvm-build/CMakeFiles/CMakeTmp/CheckIncludeFile.c:1:27: fatal error: malloc/malloc.h: No such file or directory
 #include <malloc/malloc.h>
                           ^
compilation terminated.
make[4]: Leaving directory `/home/osboxes/Downloads/seahorn/build/llvm-prefix/src/llvm-build/CMakeFiles/CMakeTmp'
make[4]: *** [CMakeFiles/cmTryCompileExec862838473.dir/CheckIncludeFile.c.o] Error 1
make[3]: Leaving directory `/home/osboxes/Downloads/seahorn/build/llvm-prefix/src/llvm-build/CMakeFiles/CMakeTmp'
make[3]: *** [cmTryCompileExec862838473/fast] Error 2


Determining if the include file ndir.h exists failed with the following output:
Change Dir: /home/osboxes/Downloads/seahorn/build/llvm-prefix/src/llvm-build/CMakeFiles/CMakeTmp

Run Build Command:/usr/bin/make "cmTryCompileExec1059149768/fast"
make[3]: Entering directory `/home/osboxes/Downloads/seahorn/build/llvm-prefix/src/llvm-build/CMakeFiles/CMakeTmp'
/usr/bin/make -f CMakeFiles/cmTryCompileExec1059149768.dir/build.make CMakeFiles/cmTryCompileExec1059149768.dir/build
make[4]: Entering directory `/home/osboxes/Downloads/seahorn/build/llvm-prefix/src/llvm-build/CMakeFiles/CMakeTmp'
/usr/bin/cmake -E cmake_progress_report /home/osboxes/Downloads/seahorn/build/llvm-prefix/src/llvm-build/CMakeFiles/CMakeTmp/CMakeFiles 1
Building C object CMakeFiles/cmTryCompileExec1059149768.dir/CheckIncludeFile.c.o
/usr/bin/cc    -o CMakeFiles/cmTryCompileExec1059149768.dir/CheckIncludeFile.c.o   -c /home/osboxes/Downloads/seahorn/build/llvm-prefix/src/llvm-build/CMakeFiles/CMakeTmp/CheckIncludeFile.c
/home/osboxes/Downloads/seahorn/build/llvm-prefix/src/llvm-build/CMakeFiles/CMakeTmp/CheckIncludeFile.c:1:18: fatal error: ndir.h: No such file or directory
 #include <ndir.h>
                  ^
compilation terminated.
make[4]: Leaving directory `/home/osboxes/Downloads/seahorn/build/llvm-prefix/src/llvm-build/CMakeFiles/CMakeTmp'
make[4]: *** [CMakeFiles/cmTryCompileExec1059149768.dir/CheckIncludeFile.c.o] Error 1
make[3]: Leaving directory `/home/osboxes/Downloads/seahorn/build/llvm-prefix/src/llvm-build/CMakeFiles/CMakeTmp'
make[3]: *** [cmTryCompileExec1059149768/fast] Error 2


Determining if the include file sys/ndir.h exists failed with the following output:
Change Dir: /home/osboxes/Downloads/seahorn/build/llvm-prefix/src/llvm-build/CMakeFiles/CMakeTmp

Run Build Command:/usr/bin/make "cmTryCompileExec3561336046/fast"
make[3]: Entering directory `/home/osboxes/Downloads/seahorn/build/llvm-prefix/src/llvm-build/CMakeFiles/CMakeTmp'
/usr/bin/make -f CMakeFiles/cmTryCompileExec3561336046.dir/build.make CMakeFiles/cmTryCompileExec3561336046.dir/build
make[4]: Entering directory `/home/osboxes/Downloads/seahorn/build/llvm-prefix/src/llvm-build/CMakeFiles/CMakeTmp'
/usr/bin/cmake -E cmake_progress_report /home/osboxes/Downloads/seahorn/build/llvm-prefix/src/llvm-build/CMakeFiles/CMakeTmp/CMakeFiles 1
Building C object CMakeFiles/cmTryCompileExec3561336046.dir/CheckIncludeFile.c.o
/usr/bin/cc    -o CMakeFiles/cmTryCompileExec3561336046.dir/CheckIncludeFile.c.o   -c /home/osboxes/Downloads/seahorn/build/llvm-prefix/src/llvm-build/CMakeFiles/CMakeTmp/CheckIncludeFile.c
/home/osboxes/Downloads/seahorn/build/llvm-prefix/src/llvm-build/CMakeFiles/CMakeTmp/CheckIncludeFile.c:1:22: fatal error: sys/ndir.h: No such file or directory
 #include <sys/ndir.h>
                      ^
compilation terminated.
make[4]: Leaving directory `/home/osboxes/Downloads/seahorn/build/llvm-prefix/src/llvm-build/CMakeFiles/CMakeTmp'
make[4]: *** [CMakeFiles/cmTryCompileExec3561336046.dir/CheckIncludeFile.c.o] Error 1
make[3]: Leaving directory `/home/osboxes/Downloads/seahorn/build/llvm-prefix/src/llvm-build/CMakeFiles/CMakeTmp'
make[3]: *** [cmTryCompileExec3561336046/fast] Error 2


Determining if the include file valgrind/valgrind.h exists failed with the following output:
Change Dir: /home/osboxes/Downloads/seahorn/build/llvm-prefix/src/llvm-build/CMakeFiles/CMakeTmp

Run Build Command:/usr/bin/make "cmTryCompileExec700259340/fast"
make[3]: Entering directory `/home/osboxes/Downloads/seahorn/build/llvm-prefix/src/llvm-build/CMakeFiles/CMakeTmp'
/usr/bin/make -f CMakeFiles/cmTryCompileExec700259340.dir/build.make CMakeFiles/cmTryCompileExec700259340.dir/build
make[4]: Entering directory `/home/osboxes/Downloads/seahorn/build/llvm-prefix/src/llvm-build/CMakeFiles/CMakeTmp'
/usr/bin/cmake -E cmake_progress_report /home/osboxes/Downloads/seahorn/build/llvm-prefix/src/llvm-build/CMakeFiles/CMakeTmp/CMakeFiles 1
Building C object CMakeFiles/cmTryCompileExec700259340.dir/CheckIncludeFile.c.o
/usr/bin/cc    -o CMakeFiles/cmTryCompileExec700259340.dir/CheckIncludeFile.c.o   -c /home/osboxes/Downloads/seahorn/build/llvm-prefix/src/llvm-build/CMakeFiles/CMakeTmp/CheckIncludeFile.c
/home/osboxes/Downloads/seahorn/build/llvm-prefix/src/llvm-build/CMakeFiles/CMakeTmp/CheckIncludeFile.c:1:31: fatal error: valgrind/valgrind.h: No such file or directory
 #include <valgrind/valgrind.h>
                               ^
compilation terminated.
make[4]: Leaving directory `/home/osboxes/Downloads/seahorn/build/llvm-prefix/src/llvm-build/CMakeFiles/CMakeTmp'
make[4]: *** [CMakeFiles/cmTryCompileExec700259340.dir/CheckIncludeFile.c.o] Error 1
make[3]: Leaving directory `/home/osboxes/Downloads/seahorn/build/llvm-prefix/src/llvm-build/CMakeFiles/CMakeTmp'
make[3]: *** [cmTryCompileExec700259340/fast] Error 2


Determining if the include file mach/mach.h exists failed with the following output:
Change Dir: /home/osboxes/Downloads/seahorn/build/llvm-prefix/src/llvm-build/CMakeFiles/CMakeTmp

Run Build Command:/usr/bin/make "cmTryCompileExec2168857076/fast"
make[3]: Entering directory `/home/osboxes/Downloads/seahorn/build/llvm-prefix/src/llvm-build/CMakeFiles/CMakeTmp'
/usr/bin/make -f CMakeFiles/cmTryCompileExec2168857076.dir/build.make CMakeFiles/cmTryCompileExec2168857076.dir/build
make[4]: Entering directory `/home/osboxes/Downloads/seahorn/build/llvm-prefix/src/llvm-build/CMakeFiles/CMakeTmp'
/usr/bin/cmake -E cmake_progress_report /home/osboxes/Downloads/seahorn/build/llvm-prefix/src/llvm-build/CMakeFiles/CMakeTmp/CMakeFiles 1
Building C object CMakeFiles/cmTryCompileExec2168857076.dir/CheckIncludeFile.c.o
/usr/bin/cc    -o CMakeFiles/cmTryCompileExec2168857076.dir/CheckIncludeFile.c.o   -c /home/osboxes/Downloads/seahorn/build/llvm-prefix/src/llvm-build/CMakeFiles/CMakeTmp/CheckIncludeFile.c
/home/osboxes/Downloads/seahorn/build/llvm-prefix/src/llvm-build/CMakeFiles/CMakeTmp/CheckIncludeFile.c:1:23: fatal error: mach/mach.h: No such file or directory
 #include <mach/mach.h>
                       ^
compilation terminated.
make[4]: Leaving directory `/home/osboxes/Downloads/seahorn/build/llvm-prefix/src/llvm-build/CMakeFiles/CMakeTmp'
make[4]: *** [CMakeFiles/cmTryCompileExec2168857076.dir/CheckIncludeFile.c.o] Error 1
make[3]: Leaving directory `/home/osboxes/Downloads/seahorn/build/llvm-prefix/src/llvm-build/CMakeFiles/CMakeTmp'
make[3]: *** [cmTryCompileExec2168857076/fast] Error 2


Determining if the include file mach-o/dyld.h exists failed with the following output:
Change Dir: /home/osboxes/Downloads/seahorn/build/llvm-prefix/src/llvm-build/CMakeFiles/CMakeTmp

Run Build Command:/usr/bin/make "cmTryCompileExec2793759894/fast"
make[3]: Entering directory `/home/osboxes/Downloads/seahorn/build/llvm-prefix/src/llvm-build/CMakeFiles/CMakeTmp'
/usr/bin/make -f CMakeFiles/cmTryCompileExec2793759894.dir/build.make CMakeFiles/cmTryCompileExec2793759894.dir/build
make[4]: Entering directory `/home/osboxes/Downloads/seahorn/build/llvm-prefix/src/llvm-build/CMakeFiles/CMakeTmp'
/usr/bin/cmake -E cmake_progress_report /home/osboxes/Downloads/seahorn/build/llvm-prefix/src/llvm-build/CMakeFiles/CMakeTmp/CMakeFiles 1
Building C object CMakeFiles/cmTryCompileExec2793759894.dir/CheckIncludeFile.c.o
/usr/bin/cc    -o CMakeFiles/cmTryCompileExec2793759894.dir/CheckIncludeFile.c.o   -c /home/osboxes/Downloads/seahorn/build/llvm-prefix/src/llvm-build/CMakeFiles/CMakeTmp/CheckIncludeFile.c
/home/osboxes/Downloads/seahorn/build/llvm-prefix/src/llvm-build/CMakeFiles/CMakeTmp/CheckIncludeFile.c:1:25: fatal error: mach-o/dyld.h: No such file or directory
 #include <mach-o/dyld.h>
                         ^
compilation terminated.
make[4]: Leaving directory `/home/osboxes/Downloads/seahorn/build/llvm-prefix/src/llvm-build/CMakeFiles/CMakeTmp'
make[4]: *** [CMakeFiles/cmTryCompileExec2793759894.dir/CheckIncludeFile.c.o] Error 1
make[3]: Leaving directory `/home/osboxes/Downloads/seahorn/build/llvm-prefix/src/llvm-build/CMakeFiles/CMakeTmp'
make[3]: *** [cmTryCompileExec2793759894/fast] Error 2


Determining if the function el_init exists in the edit failed with the following output:
Change Dir: /home/osboxes/Downloads/seahorn/build/llvm-prefix/src/llvm-build/CMakeFiles/CMakeTmp

Run Build Command:/usr/bin/make "cmTryCompileExec3217392605/fast"
make[3]: Entering directory `/home/osboxes/Downloads/seahorn/build/llvm-prefix/src/llvm-build/CMakeFiles/CMakeTmp'
/usr/bin/make -f CMakeFiles/cmTryCompileExec3217392605.dir/build.make CMakeFiles/cmTryCompileExec3217392605.dir/build
make[4]: Entering directory `/home/osboxes/Downloads/seahorn/build/llvm-prefix/src/llvm-build/CMakeFiles/CMakeTmp'
/usr/bin/cmake -E cmake_progress_report /home/osboxes/Downloads/seahorn/build/llvm-prefix/src/llvm-build/CMakeFiles/CMakeTmp/CMakeFiles 1
Building C object CMakeFiles/cmTryCompileExec3217392605.dir/CheckFunctionExists.c.o
/usr/bin/cc   -DCHECK_FUNCTION_EXISTS=el_init   -o CMakeFiles/cmTryCompileExec3217392605.dir/CheckFunctionExists.c.o   -c /usr/share/cmake-2.8/Modules/CheckFunctionExists.c
Linking C executable cmTryCompileExec3217392605
/usr/bin/cmake -E cmake_link_script CMakeFiles/cmTryCompileExec3217392605.dir/link.txt --verbose=1
/usr/bin/cc   -DCHECK_FUNCTION_EXISTS=el_init    CMakeFiles/cmTryCompileExec3217392605.dir/CheckFunctionExists.c.o  -o cmTryCompileExec3217392605 -rdynamic -ledit -lm 
/usr/bin/ld: cannot find -ledit
make[4]: Leaving directory `/home/osboxes/Downloads/seahorn/build/llvm-prefix/src/llvm-build/CMakeFiles/CMakeTmp'
collect2: error: ld returned 1 exit status
make[4]: *** [cmTryCompileExec3217392605] Error 1
make[3]: Leaving directory `/home/osboxes/Downloads/seahorn/build/llvm-prefix/src/llvm-build/CMakeFiles/CMakeTmp'
make[3]: *** [cmTryCompileExec3217392605/fast] Error 2


Determining if the arc4random exist failed with the following output:
Change Dir: /home/osboxes/Downloads/seahorn/build/llvm-prefix/src/llvm-build/CMakeFiles/CMakeTmp

Run Build Command:/usr/bin/make "cmTryCompileExec3339378546/fast"
make[3]: Entering directory `/home/osboxes/Downloads/seahorn/build/llvm-prefix/src/llvm-build/CMakeFiles/CMakeTmp'
/usr/bin/make -f CMakeFiles/cmTryCompileExec3339378546.dir/build.make CMakeFiles/cmTryCompileExec3339378546.dir/build
make[4]: Entering directory `/home/osboxes/Downloads/seahorn/build/llvm-prefix/src/llvm-build/CMakeFiles/CMakeTmp'
/usr/bin/cmake -E cmake_progress_report /home/osboxes/Downloads/seahorn/build/llvm-prefix/src/llvm-build/CMakeFiles/CMakeTmp/CMakeFiles 1
Building C object CMakeFiles/cmTryCompileExec3339378546.dir/CheckSymbolExists.c.o
/usr/bin/cc    -o CMakeFiles/cmTryCompileExec3339378546.dir/CheckSymbolExists.c.o   -c /home/osboxes/Downloads/seahorn/build/llvm-prefix/src/llvm-build/CMakeFiles/CMakeTmp/CheckSymbolExists.c
/home/osboxes/Downloads/seahorn/build/llvm-prefix/src/llvm-build/CMakeFiles/CMakeTmp/CheckSymbolExists.c: In function ‘main’:
/home/osboxes/Downloads/seahorn/build/llvm-prefix/src/llvm-build/CMakeFiles/CMakeTmp/CheckSymbolExists.c:8:19: error: ‘arc4random’ undeclared (first use in this function)
   return ((int*)(&arc4random))[argc];
                   ^
/home/osboxes/Downloads/seahorn/build/llvm-prefix/src/llvm-build/CMakeFiles/CMakeTmp/CheckSymbolExists.c:8:19: note: each undeclared identifier is reported only once for each function it appears in
make[4]: Leaving directory `/home/osboxes/Downloads/seahorn/build/llvm-prefix/src/llvm-build/CMakeFiles/CMakeTmp'
make[4]: *** [CMakeFiles/cmTryCompileExec3339378546.dir/CheckSymbolExists.c.o] Error 1
make[3]: Leaving directory `/home/osboxes/Downloads/seahorn/build/llvm-prefix/src/llvm-build/CMakeFiles/CMakeTmp'
make[3]: *** [cmTryCompileExec3339378546/fast] Error 2

File /home/osboxes/Downloads/seahorn/build/llvm-prefix/src/llvm-build/CMakeFiles/CMakeTmp/CheckSymbolExists.c:
/* */
#include <stdlib.h>

int main(int argc, char** argv)
{
  (void)argv;
#ifndef arc4random
  return ((int*)(&arc4random))[argc];
#else
  (void)argc;
  return 0;
#endif
}

Determining if the isinf exist failed with the following output:
Change Dir: /home/osboxes/Downloads/seahorn/build/llvm-prefix/src/llvm-build/CMakeFiles/CMakeTmp

Run Build Command:/usr/bin/make "cmTryCompileExec809928560/fast"
make[3]: Entering directory `/home/osboxes/Downloads/seahorn/build/llvm-prefix/src/llvm-build/CMakeFiles/CMakeTmp'
/usr/bin/make -f CMakeFiles/cmTryCompileExec809928560.dir/build.make CMakeFiles/cmTryCompileExec809928560.dir/build
make[4]: Entering directory `/home/osboxes/Downloads/seahorn/build/llvm-prefix/src/llvm-build/CMakeFiles/CMakeTmp'
/usr/bin/cmake -E cmake_progress_report /home/osboxes/Downloads/seahorn/build/llvm-prefix/src/llvm-build/CMakeFiles/CMakeTmp/CMakeFiles 1
Building C object CMakeFiles/cmTryCompileExec809928560.dir/CheckSymbolExists.c.o
/usr/bin/cc    -o CMakeFiles/cmTryCompileExec809928560.dir/CheckSymbolExists.c.o   -c /home/osboxes/Downloads/seahorn/build/llvm-prefix/src/llvm-build/CMakeFiles/CMakeTmp/CheckSymbolExists.c
/home/osboxes/Downloads/seahorn/build/llvm-prefix/src/llvm-build/CMakeFiles/CMakeTmp/CheckSymbolExists.c:2:17: fatal error: cmath: No such file or directory
 #include <cmath>
                 ^
compilation terminated.
make[4]: Leaving directory `/home/osboxes/Downloads/seahorn/build/llvm-prefix/src/llvm-build/CMakeFiles/CMakeTmp'
make[4]: *** [CMakeFiles/cmTryCompileExec809928560.dir/CheckSymbolExists.c.o] Error 1
make[3]: Leaving directory `/home/osboxes/Downloads/seahorn/build/llvm-prefix/src/llvm-build/CMakeFiles/CMakeTmp'
make[3]: *** [cmTryCompileExec809928560/fast] Error 2

File /home/osboxes/Downloads/seahorn/build/llvm-prefix/src/llvm-build/CMakeFiles/CMakeTmp/CheckSymbolExists.c:
/* */
#include <cmath>

int main(int argc, char** argv)
{
  (void)argv;
#ifndef isinf
  return ((int*)(&isinf))[argc];
#else
  (void)argc;
  return 0;
#endif
}

Determining if the finite exist failed with the following output:
Change Dir: /home/osboxes/Downloads/seahorn/build/llvm-prefix/src/llvm-build/CMakeFiles/CMakeTmp

Run Build Command:/usr/bin/make "cmTryCompileExec2640336315/fast"
make[3]: Entering directory `/home/osboxes/Downloads/seahorn/build/llvm-prefix/src/llvm-build/CMakeFiles/CMakeTmp'
/usr/bin/make -f CMakeFiles/cmTryCompileExec2640336315.dir/build.make CMakeFiles/cmTryCompileExec2640336315.dir/build
make[4]: Entering directory `/home/osboxes/Downloads/seahorn/build/llvm-prefix/src/llvm-build/CMakeFiles/CMakeTmp'
/usr/bin/cmake -E cmake_progress_report /home/osboxes/Downloads/seahorn/build/llvm-prefix/src/llvm-build/CMakeFiles/CMakeTmp/CMakeFiles 1
Building C object CMakeFiles/cmTryCompileExec2640336315.dir/CheckSymbolExists.c.o
/usr/bin/cc    -o CMakeFiles/cmTryCompileExec2640336315.dir/CheckSymbolExists.c.o   -c /home/osboxes/Downloads/seahorn/build/llvm-prefix/src/llvm-build/CMakeFiles/CMakeTmp/CheckSymbolExists.c
/home/osboxes/Downloads/seahorn/build/llvm-prefix/src/llvm-build/CMakeFiles/CMakeTmp/CheckSymbolExists.c:2:20: fatal error: ieeefp.h: No such file or directory
 #include <ieeefp.h>
                    ^
compilation terminated.
make[4]: Leaving directory `/home/osboxes/Downloads/seahorn/build/llvm-prefix/src/llvm-build/CMakeFiles/CMakeTmp'
make[4]: *** [CMakeFiles/cmTryCompileExec2640336315.dir/CheckSymbolExists.c.o] Error 1
make[3]: Leaving directory `/home/osboxes/Downloads/seahorn/build/llvm-prefix/src/llvm-build/CMakeFiles/CMakeTmp'
make[3]: *** [cmTryCompileExec2640336315/fast] Error 2

File /home/osboxes/Downloads/seahorn/build/llvm-prefix/src/llvm-build/CMakeFiles/CMakeTmp/CheckSymbolExists.c:
/* */
#include <ieeefp.h>

int main(int argc, char** argv)
{
  (void)argv;
#ifndef finite
  return ((int*)(&finite))[argc];
#else
  (void)argc;
  return 0;
#endif
}

Determining if the isnan exist failed with the following output:
Change Dir: /home/osboxes/Downloads/seahorn/build/llvm-prefix/src/llvm-build/CMakeFiles/CMakeTmp

Run Build Command:/usr/bin/make "cmTryCompileExec4149814380/fast"
make[3]: Entering directory `/home/osboxes/Downloads/seahorn/build/llvm-prefix/src/llvm-build/CMakeFiles/CMakeTmp'
/usr/bin/make -f CMakeFiles/cmTryCompileExec4149814380.dir/build.make CMakeFiles/cmTryCompileExec4149814380.dir/build
make[4]: Entering directory `/home/osboxes/Downloads/seahorn/build/llvm-prefix/src/llvm-build/CMakeFiles/CMakeTmp'
/usr/bin/cmake -E cmake_progress_report /home/osboxes/Downloads/seahorn/build/llvm-prefix/src/llvm-build/CMakeFiles/CMakeTmp/CMakeFiles 1
Building C object CMakeFiles/cmTryCompileExec4149814380.dir/CheckSymbolExists.c.o
/usr/bin/cc    -o CMakeFiles/cmTryCompileExec4149814380.dir/CheckSymbolExists.c.o   -c /home/osboxes/Downloads/seahorn/build/llvm-prefix/src/llvm-build/CMakeFiles/CMakeTmp/CheckSymbolExists.c
/home/osboxes/Downloads/seahorn/build/llvm-prefix/src/llvm-build/CMakeFiles/CMakeTmp/CheckSymbolExists.c:2:17: fatal error: cmath: No such file or directory
 #include <cmath>
                 ^
compilation terminated.
make[4]: Leaving directory `/home/osboxes/Downloads/seahorn/build/llvm-prefix/src/llvm-build/CMakeFiles/CMakeTmp'
make[4]: *** [CMakeFiles/cmTryCompileExec4149814380.dir/CheckSymbolExists.c.o] Error 1
make[3]: Leaving directory `/home/osboxes/Downloads/seahorn/build/llvm-prefix/src/llvm-build/CMakeFiles/CMakeTmp'
make[3]: *** [cmTryCompileExec4149814380/fast] Error 2

File /home/osboxes/Downloads/seahorn/build/llvm-prefix/src/llvm-build/CMakeFiles/CMakeTmp/CheckSymbolExists.c:
/* */
#include <cmath>

int main(int argc, char** argv)
{
  (void)argv;
#ifndef isnan
  return ((int*)(&isnan))[argc];
#else
  (void)argc;
  return 0;
#endif
}

Determining if the exp10 exist failed with the following output:
Change Dir: /home/osboxes/Downloads/seahorn/build/llvm-prefix/src/llvm-build/CMakeFiles/CMakeTmp

Run Build Command:/usr/bin/make "cmTryCompileExec899914043/fast"
make[3]: Entering directory `/home/osboxes/Downloads/seahorn/build/llvm-prefix/src/llvm-build/CMakeFiles/CMakeTmp'
/usr/bin/make -f CMakeFiles/cmTryCompileExec899914043.dir/build.make CMakeFiles/cmTryCompileExec899914043.dir/build
make[4]: Entering directory `/home/osboxes/Downloads/seahorn/build/llvm-prefix/src/llvm-build/CMakeFiles/CMakeTmp'
/usr/bin/cmake -E cmake_progress_report /home/osboxes/Downloads/seahorn/build/llvm-prefix/src/llvm-build/CMakeFiles/CMakeTmp/CMakeFiles 1
Building C object CMakeFiles/cmTryCompileExec899914043.dir/CheckSymbolExists.c.o
/usr/bin/cc    -o CMakeFiles/cmTryCompileExec899914043.dir/CheckSymbolExists.c.o   -c /home/osboxes/Downloads/seahorn/build/llvm-prefix/src/llvm-build/CMakeFiles/CMakeTmp/CheckSymbolExists.c
/home/osboxes/Downloads/seahorn/build/llvm-prefix/src/llvm-build/CMakeFiles/CMakeTmp/CheckSymbolExists.c: In function ‘main’:
/home/osboxes/Downloads/seahorn/build/llvm-prefix/src/llvm-build/CMakeFiles/CMakeTmp/CheckSymbolExists.c:8:19: error: ‘exp10’ undeclared (first use in this function)
   return ((int*)(&exp10))[argc];
                   ^
/home/osboxes/Downloads/seahorn/build/llvm-prefix/src/llvm-build/CMakeFiles/CMakeTmp/CheckSymbolExists.c:8:19: note: each undeclared identifier is reported only once for each function it appears in
make[4]: Leaving directory `/home/osboxes/Downloads/seahorn/build/llvm-prefix/src/llvm-build/CMakeFiles/CMakeTmp'
make[4]: *** [CMakeFiles/cmTryCompileExec899914043.dir/CheckSymbolExists.c.o] Error 1
make[3]: Leaving directory `/home/osboxes/Downloads/seahorn/build/llvm-prefix/src/llvm-build/CMakeFiles/CMakeTmp'
make[3]: *** [cmTryCompileExec899914043/fast] Error 2

File /home/osboxes/Downloads/seahorn/build/llvm-prefix/src/llvm-build/CMakeFiles/CMakeTmp/CheckSymbolExists.c:
/* */
#include <math.h>

int main(int argc, char** argv)
{
  (void)argv;
#ifndef exp10
  return ((int*)(&exp10))[argc];
#else
  (void)argc;
  return 0;
#endif
}

Determining if the malloc_zone_statistics exist failed with the following output:
Change Dir: /home/osboxes/Downloads/seahorn/build/llvm-prefix/src/llvm-build/CMakeFiles/CMakeTmp

Run Build Command:/usr/bin/make "cmTryCompileExec553847759/fast"
make[3]: Entering directory `/home/osboxes/Downloads/seahorn/build/llvm-prefix/src/llvm-build/CMakeFiles/CMakeTmp'
/usr/bin/make -f CMakeFiles/cmTryCompileExec553847759.dir/build.make CMakeFiles/cmTryCompileExec553847759.dir/build
make[4]: Entering directory `/home/osboxes/Downloads/seahorn/build/llvm-prefix/src/llvm-build/CMakeFiles/CMakeTmp'
/usr/bin/cmake -E cmake_progress_report /home/osboxes/Downloads/seahorn/build/llvm-prefix/src/llvm-build/CMakeFiles/CMakeTmp/CMakeFiles 1
Building C object CMakeFiles/cmTryCompileExec553847759.dir/CheckSymbolExists.c.o
/usr/bin/cc    -o CMakeFiles/cmTryCompileExec553847759.dir/CheckSymbolExists.c.o   -c /home/osboxes/Downloads/seahorn/build/llvm-prefix/src/llvm-build/CMakeFiles/CMakeTmp/CheckSymbolExists.c
/home/osboxes/Downloads/seahorn/build/llvm-prefix/src/llvm-build/CMakeFiles/CMakeTmp/CheckSymbolExists.c:2:27: fatal error: malloc/malloc.h: No such file or directory
 #include <malloc/malloc.h>
                           ^
compilation terminated.
make[4]: Leaving directory `/home/osboxes/Downloads/seahorn/build/llvm-prefix/src/llvm-build/CMakeFiles/CMakeTmp'
make[4]: *** [CMakeFiles/cmTryCompileExec553847759.dir/CheckSymbolExists.c.o] Error 1
make[3]: Leaving directory `/home/osboxes/Downloads/seahorn/build/llvm-prefix/src/llvm-build/CMakeFiles/CMakeTmp'
make[3]: *** [cmTryCompileExec553847759/fast] Error 2

File /home/osboxes/Downloads/seahorn/build/llvm-prefix/src/llvm-build/CMakeFiles/CMakeTmp/CheckSymbolExists.c:
/* */
#include <malloc/malloc.h>

int main(int argc, char** argv)
{
  (void)argv;
#ifndef malloc_zone_statistics
  return ((int*)(&malloc_zone_statistics))[argc];
#else
  (void)argc;
  return 0;
#endif
}

Determining if the strerror_s exist failed with the following output:
Change Dir: /home/osboxes/Downloads/seahorn/build/llvm-prefix/src/llvm-build/CMakeFiles/CMakeTmp

Run Build Command:/usr/bin/make "cmTryCompileExec608534501/fast"
make[3]: Entering directory `/home/osboxes/Downloads/seahorn/build/llvm-prefix/src/llvm-build/CMakeFiles/CMakeTmp'
/usr/bin/make -f CMakeFiles/cmTryCompileExec608534501.dir/build.make CMakeFiles/cmTryCompileExec608534501.dir/build
make[4]: Entering directory `/home/osboxes/Downloads/seahorn/build/llvm-prefix/src/llvm-build/CMakeFiles/CMakeTmp'
/usr/bin/cmake -E cmake_progress_report /home/osboxes/Downloads/seahorn/build/llvm-prefix/src/llvm-build/CMakeFiles/CMakeTmp/CMakeFiles 1
Building C object CMakeFiles/cmTryCompileExec608534501.dir/CheckSymbolExists.c.o
/usr/bin/cc    -o CMakeFiles/cmTryCompileExec608534501.dir/CheckSymbolExists.c.o   -c /home/osboxes/Downloads/seahorn/build/llvm-prefix/src/llvm-build/CMakeFiles/CMakeTmp/CheckSymbolExists.c
/home/osboxes/Downloads/seahorn/build/llvm-prefix/src/llvm-build/CMakeFiles/CMakeTmp/CheckSymbolExists.c: In function ‘main’:
/home/osboxes/Downloads/seahorn/build/llvm-prefix/src/llvm-build/CMakeFiles/CMakeTmp/CheckSymbolExists.c:8:19: error: ‘strerror_s’ undeclared (first use in this function)
   return ((int*)(&strerror_s))[argc];
                   ^
/home/osboxes/Downloads/seahorn/build/llvm-prefix/src/llvm-build/CMakeFiles/CMakeTmp/CheckSymbolExists.c:8:19: note: each undeclared identifier is reported only once for each function it appears in
make[4]: Leaving directory `/home/osboxes/Downloads/seahorn/build/llvm-prefix/src/llvm-build/CMakeFiles/CMakeTmp'
make[4]: *** [CMakeFiles/cmTryCompileExec608534501.dir/CheckSymbolExists.c.o] Error 1
make[3]: Leaving directory `/home/osboxes/Downloads/seahorn/build/llvm-prefix/src/llvm-build/CMakeFiles/CMakeTmp'
make[3]: *** [cmTryCompileExec608534501/fast] Error 2

File /home/osboxes/Downloads/seahorn/build/llvm-prefix/src/llvm-build/CMakeFiles/CMakeTmp/CheckSymbolExists.c:
/* */
#include <string.h>

int main(int argc, char** argv)
{
  (void)argv;
#ifndef strerror_s
  return ((int*)(&strerror_s))[argc];
#else
  (void)argc;
  return 0;
#endif
}

Performing C SOURCE FILE Test C_SUPPORTS_COVERED_SWITCH_DEFAULT_FLAG failed with the following output:
Change Dir: /home/osboxes/Downloads/seahorn/build/llvm-prefix/src/llvm-build/CMakeFiles/CMakeTmp

Run Build Command:/usr/bin/make "cmTryCompileExec2570820757/fast"
make[3]: Entering directory `/home/osboxes/Downloads/seahorn/build/llvm-prefix/src/llvm-build/CMakeFiles/CMakeTmp'
/usr/bin/make -f CMakeFiles/cmTryCompileExec2570820757.dir/build.make CMakeFiles/cmTryCompileExec2570820757.dir/build
make[4]: Entering directory `/home/osboxes/Downloads/seahorn/build/llvm-prefix/src/llvm-build/CMakeFiles/CMakeTmp'
/usr/bin/cmake -E cmake_progress_report /home/osboxes/Downloads/seahorn/build/llvm-prefix/src/llvm-build/CMakeFiles/CMakeTmp/CMakeFiles 1
Building C object CMakeFiles/cmTryCompileExec2570820757.dir/src.c.o
/usr/bin/cc   -fPIC -Wall -W -Wno-unused-parameter -Wwrite-strings -Wno-missing-field-initializers -DC_SUPPORTS_COVERED_SWITCH_DEFAULT_FLAG   -Werror -Wcovered-switch-default -o CMakeFiles/cmTryCompileExec2570820757.dir/src.c.o   -c /home/osboxes/Downloads/seahorn/build/llvm-prefix/src/llvm-build/CMakeFiles/CMakeTmp/src.c
cc: error: unrecognized command line option '-Wcovered-switch-default'
make[4]: Leaving directory `/home/osboxes/Downloads/seahorn/build/llvm-prefix/src/llvm-build/CMakeFiles/CMakeTmp'
make[4]: *** [CMakeFiles/cmTryCompileExec2570820757.dir/src.c.o] Error 1
make[3]: Leaving directory `/home/osboxes/Downloads/seahorn/build/llvm-prefix/src/llvm-build/CMakeFiles/CMakeTmp'
make[3]: *** [cmTryCompileExec2570820757/fast] Error 2

Source file was:
int main(void) { return 0; }
Performing C++ SOURCE FILE Test CXX_SUPPORTS_COVERED_SWITCH_DEFAULT_FLAG failed with the following output:
Change Dir: /home/osboxes/Downloads/seahorn/build/llvm-prefix/src/llvm-build/CMakeFiles/CMakeTmp

Run Build Command:/usr/bin/make "cmTryCompileExec969972853/fast"
make[3]: Entering directory `/home/osboxes/Downloads/seahorn/build/llvm-prefix/src/llvm-build/CMakeFiles/CMakeTmp'
/usr/bin/make -f CMakeFiles/cmTryCompileExec969972853.dir/build.make CMakeFiles/cmTryCompileExec969972853.dir/build
make[4]: Entering directory `/home/osboxes/Downloads/seahorn/build/llvm-prefix/src/llvm-build/CMakeFiles/CMakeTmp'
/usr/bin/cmake -E cmake_progress_report /home/osboxes/Downloads/seahorn/build/llvm-prefix/src/llvm-build/CMakeFiles/CMakeTmp/CMakeFiles 1
Building CXX object CMakeFiles/cmTryCompileExec969972853.dir/src.cxx.o
/usr/bin/c++    -fPIC -fvisibility-inlines-hidden -Wall -W -Wno-unused-parameter -Wwrite-strings -Wcast-qual -Wno-missing-field-initializers -DCXX_SUPPORTS_COVERED_SWITCH_DEFAULT_FLAG   -Werror -Wcovered-switch-default -o CMakeFiles/cmTryCompileExec969972853.dir/src.cxx.o -c /home/osboxes/Downloads/seahorn/build/llvm-prefix/src/llvm-build/CMakeFiles/CMakeTmp/src.cxx
c++: error: unrecognized command line option '-Wcovered-switch-default'
make[4]: Leaving directory `/home/osboxes/Downloads/seahorn/build/llvm-prefix/src/llvm-build/CMakeFiles/CMakeTmp'
make[4]: *** [CMakeFiles/cmTryCompileExec969972853.dir/src.cxx.o] Error 1
make[3]: Leaving directory `/home/osboxes/Downloads/seahorn/build/llvm-prefix/src/llvm-build/CMakeFiles/CMakeTmp'
make[3]: *** [cmTryCompileExec969972853/fast] Error 2

Source file was:
int main() { return 0;}
Performing C++ SOURCE FILE Test CXX_WONT_WARN_ON_FINAL_NONVIRTUALDTOR failed with the following output:
Change Dir: /home/osboxes/Downloads/seahorn/build/llvm-prefix/src/llvm-build/CMakeFiles/CMakeTmp

Run Build Command:/usr/bin/make "cmTryCompileExec909488445/fast"
make[3]: Entering directory `/home/osboxes/Downloads/seahorn/build/llvm-prefix/src/llvm-build/CMakeFiles/CMakeTmp'
/usr/bin/make -f CMakeFiles/cmTryCompileExec909488445.dir/build.make CMakeFiles/cmTryCompileExec909488445.dir/build
make[4]: Entering directory `/home/osboxes/Downloads/seahorn/build/llvm-prefix/src/llvm-build/CMakeFiles/CMakeTmp'
/usr/bin/cmake -E cmake_progress_report /home/osboxes/Downloads/seahorn/build/llvm-prefix/src/llvm-build/CMakeFiles/CMakeTmp/CMakeFiles 1
Building CXX object CMakeFiles/cmTryCompileExec909488445.dir/src.cxx.o
/usr/bin/c++    -fPIC -fvisibility-inlines-hidden -Wall -W -Wno-unused-parameter -Wwrite-strings -Wcast-qual -Wno-missing-field-initializers -Wno-maybe-uninitialized -DCXX_WONT_WARN_ON_FINAL_NONVIRTUALDTOR  -std=c++11 -Werror=non-virtual-dtor   -o CMakeFiles/cmTryCompileExec909488445.dir/src.cxx.o -c /home/osboxes/Downloads/seahorn/build/llvm-prefix/src/llvm-build/CMakeFiles/CMakeTmp/src.cxx
/home/osboxes/Downloads/seahorn/build/llvm-prefix/src/llvm-build/CMakeFiles/CMakeTmp/src.cxx:2:38: error: ‘class derived’ has virtual functions and accessible non-virtual destructor [-Werror=non-virtual-dtor]
                                class derived final : public base { public: ~derived();};
                                      ^
cc1plus: some warnings being treated as errors
make[4]: Leaving directory `/home/osboxes/Downloads/seahorn/build/llvm-prefix/src/llvm-build/CMakeFiles/CMakeTmp'
make[4]: *** [CMakeFiles/cmTryCompileExec909488445.dir/src.cxx.o] Error 1
make[3]: Leaving directory `/home/osboxes/Downloads/seahorn/build/llvm-prefix/src/llvm-build/CMakeFiles/CMakeTmp'
make[3]: *** [cmTryCompileExec909488445/fast] Error 2

Source file was:
class base {public: virtual void anchor();protected: ~base();};
                               class derived final : public base { public: ~derived();};
                               int main() { return 0; }
Performing C SOURCE FILE Test C_WCOMMENT_ALLOWS_LINE_WRAP failed with the following output:
Change Dir: /home/osboxes/Downloads/seahorn/build/llvm-prefix/src/llvm-build/CMakeFiles/CMakeTmp

Run Build Command:/usr/bin/make "cmTryCompileExec1646696355/fast"
make[3]: Entering directory `/home/osboxes/Downloads/seahorn/build/llvm-prefix/src/llvm-build/CMakeFiles/CMakeTmp'
/usr/bin/make -f CMakeFiles/cmTryCompileExec1646696355.dir/build.make CMakeFiles/cmTryCompileExec1646696355.dir/build
make[4]: Entering directory `/home/osboxes/Downloads/seahorn/build/llvm-prefix/src/llvm-build/CMakeFiles/CMakeTmp'
/usr/bin/cmake -E cmake_progress_report /home/osboxes/Downloads/seahorn/build/llvm-prefix/src/llvm-build/CMakeFiles/CMakeTmp/CMakeFiles 1
Building C object CMakeFiles/cmTryCompileExec1646696355.dir/src.c.o
/usr/bin/cc   -fPIC -Wall -W -Wno-unused-parameter -Wwrite-strings -Wno-missing-field-initializers -DC_WCOMMENT_ALLOWS_LINE_WRAP  -Werror -Wcomment   -o CMakeFiles/cmTryCompileExec1646696355.dir/src.c.o   -c /home/osboxes/Downloads/seahorn/build/llvm-prefix/src/llvm-build/CMakeFiles/CMakeTmp/src.c
/home/osboxes/Downloads/seahorn/build/llvm-prefix/src/llvm-build/CMakeFiles/CMakeTmp/src.c:1:1: error: multi-line comment [-Werror=comment]
 // \
 ^
cc1: all warnings being treated as errors
make[4]: Leaving directory `/home/osboxes/Downloads/seahorn/build/llvm-prefix/src/llvm-build/CMakeFiles/CMakeTmp'
make[4]: *** [CMakeFiles/cmTryCompileExec1646696355.dir/src.c.o] Error 1
make[3]: Leaving directory `/home/osboxes/Downloads/seahorn/build/llvm-prefix/src/llvm-build/CMakeFiles/CMakeTmp'
make[3]: *** [cmTryCompileExec1646696355/fast] Error 2

Source file was:
// \
//
int main() {return 0;}
